<?xml version="1.0" encoding="UTF-8"?>
<!-- Generated by org.testng.reporters.JUnitXMLReporter -->
<testsuite ignored="0" hostname="DESKTOP-T8BFVIF" failures="0" tests="5" name="Test" time="0.173" errors="0" timestamp="2023-07-16T12:01:15 IST">
  <testcase classname="com.actitime.generic.DemoTestNG" name="demo" time="0.019"/>
  <testcase classname="com.actitime.generic.CostumerModule" name="CreateCostmer" time="0.008"/>
  <testcase classname="com.actitime.generic.CostumerModule" name="ModifyCostmer" time="0.005"/>
  <testcase classname="com.actitime.generic.CostumerModule" name="ModifyCostmer" time="0.004"/>
  <testcase classname="com.actitime.generic.CostumerModule" name="DeleteCostemer" time="0.013"/>
</testsuite> <!-- Test -->
