<?xml version="1.0" encoding="UTF-8"?>
<testng-results ignored="0" total="2" passed="2" failed="0" skipped="0">
  <reporter-output>
  </reporter-output>
  <suite started-at="2023-09-23T11:38:02 IST" name="Default suite" finished-at="2023-09-23T11:38:03 IST" duration-ms="139">
    <groups>
    </groups>
    <test started-at="2023-09-23T11:38:02 IST" name="Default test" finished-at="2023-09-23T11:38:03 IST" duration-ms="139">
      <class name="Day1">
        <test-method signature="FirstTest()[pri:0, instance:Day1@4dbb42b7]" started-at="2023-09-23T11:38:03 IST" name="FirstTest" finished-at="2023-09-23T11:38:03 IST" duration-ms="16" status="PASS">
          <reporter-output>
          </reporter-output>
        </test-method> <!-- FirstTest -->
        <test-method signature="SecondTest()[pri:0, instance:Day1@4dbb42b7]" started-at="2023-09-23T11:38:03 IST" name="SecondTest" finished-at="2023-09-23T11:38:03 IST" duration-ms="6" status="PASS">
          <reporter-output>
          </reporter-output>
        </test-method> <!-- SecondTest -->
      </class> <!-- Day1 -->
    </test> <!-- Default test -->
  </suite> <!-- Default suite -->
</testng-results>
