<?xml version="1.0" encoding="UTF-8"?>
<!-- Generated by org.testng.reporters.JUnitXMLReporter -->
<testsuite ignored="10" hostname="DESKTOP-T8BFVIF" failures="0" tests="3" name="GRP-SmokeTest" time="0.298" errors="0" timestamp="2023-08-31T13:32:38 IST">
  <testcase classname="com.actitime.testscript.ProjectModule" name="CreateProject" time="0.019"/>
  <testcase classname="com.actitime.testscript.CustemerModule" name="CreateCustemer" time="0.004"/>
  <testcase classname="com.actitime.testscript.TaskModule" name="CreateTask" time="0.003"/>
  <testcase classname="com.actitime.generic.BaseClass1" name="@AfterTest CloseBrowser" time="0.0">
    <ignored/>
  </testcase> <!-- @AfterTest CloseBrowser -->
  <testcase classname="com.actitime.testscript.TaskModule" name="DeleteTask" time="0.0">
    <ignored/>
  </testcase> <!-- DeleteTask -->
  <testcase classname="com.actitime.generic.BaseClass1" name="@BeforeTest OpenBrowser" time="0.0">
    <ignored/>
  </testcase> <!-- @BeforeTest OpenBrowser -->
  <testcase classname="com.actitime.generic.BaseClass1" name="@BeforeTest OpenBrowser" time="0.0">
    <ignored/>
  </testcase> <!-- @BeforeTest OpenBrowser -->
  <testcase classname="com.actitime.testscript.CustemerModule" name="DeleteCustemer" time="0.0">
    <ignored/>
  </testcase> <!-- DeleteCustemer -->
  <testcase classname="com.actitime.testscript.CustemerModule" name="ModifyCustemer" time="0.0">
    <ignored/>
  </testcase> <!-- ModifyCustemer -->
  <testcase classname="com.actitime.generic.BaseClass1" name="@AfterTest CloseBrowser" time="0.0">
    <ignored/>
  </testcase> <!-- @AfterTest CloseBrowser -->
  <testcase classname="com.actitime.testscript.ProjectModule" name="DeleteProject" time="0.0">
    <ignored/>
  </testcase> <!-- DeleteProject -->
  <testcase classname="com.actitime.testscript.TaskModule" name="ModifyTask" time="0.0">
    <ignored/>
  </testcase> <!-- ModifyTask -->
  <testcase classname="com.actitime.testscript.ProjectModule" name="ModifyProject" time="0.0">
    <ignored/>
  </testcase> <!-- ModifyProject -->
</testsuite> <!-- GRP-SmokeTest -->
